# JRE version: OpenJDK Runtime Environment (21.0.6) (build 21.0.6+-13391695-b895.109)
# Java VM: OpenJDK 64-Bit Server VM (21.0.6+-13391695-b895.109, mixed mode, tiered, compressed oops, compressed class ptrs, g1 gc, windows-amd64)
GC Precious Log:
 CardTable entry size: 512
 Card Set container configuration: InlinePtr #cards 5 size 8 Array Of Cards #cards 12 size 40 Howl #buckets 4 coarsen threshold 1843 Howl Bitmap #cards 512 size 80 coarsen threshold 460 Card regions per heap region 1 cards per card region 2048
 CPUs: 8 total, 8 available
 Memory: 7987M
 Large Page Support: Disabled
 NUMA Support: Disabled
 Compressed Oops: Enabled (32-bit)
 Heap Region Size: 1M
 Heap Min Capacity: 8M
 Heap Initial Capacity: 126M
 Heap Max Capacity: 2G
 Pre-touch: Disabled
 Parallel Workers: 8
 Concurrent Workers: 2
 Concurrent Refinement Workers: 8
 Periodic GC: Disabled
Heap:
 garbage-first heap   total 107520K, used 82886K [0x0000000080000000, 0x0000000100000000)
  region size 1024K, 19 young (19456K), 3 survivors (3072K)
 Metaspace       used 49689K, committed 51072K, reserved 1114112K
  class space    used 6693K, committed 7360K, reserved 1048576K
GC Heap History (20 events):
Event: 2.718 GC heap before
{Heap before GC invocations=1 (full 0):
 garbage-first heap   total 129024K, used 39627K [0x0000000080000000, 0x0000000100000000)
  region size 1024K, 36 young (36864K), 3 survivors (3072K)
 Metaspace       used 12143K, committed 12352K, reserved 1114112K
  class space    used 1273K, committed 1408K, reserved 1048576K
}
Event: 2.727 GC heap after
{Heap after GC invocations=2 (full 0):
 garbage-first heap   total 129024K, used 11026K [0x0000000080000000, 0x0000000100000000)
  region size 1024K, 5 young (5120K), 5 survivors (5120K)
 Metaspace       used 12143K, committed 12352K, reserved 1114112K
  class space    used 1273K, committed 1408K, reserved 1048576K
}
Event: 3.617 GC heap before
{Heap before GC invocations=2 (full 0):
 garbage-first heap   total 129024K, used 58130K [0x0000000080000000, 0x0000000100000000)
  region size 1024K, 49 young (50176K), 5 survivors (5120K)
 Metaspace       used 12730K, committed 12992K, reserved 1114112K
  class space    used 1376K, committed 1472K, reserved 1048576K
}
Event: 3.625 GC heap after
{Heap after GC invocations=3 (full 0):
 garbage-first heap   total 129024K, used 16816K [0x0000000080000000, 0x0000000100000000)
  region size 1024K, 5 young (5120K), 5 survivors (5120K)
 Metaspace       used 12730K, committed 12992K, reserved 1114112K
  class space    used 1376K, committed 1472K, reserved 1048576K
}
Event: 5.167 GC heap before
{Heap before GC invocations=3 (full 0):
 garbage-first heap   total 129024K, used 42416K [0x0000000080000000, 0x0000000100000000)
  region size 1024K, 32 young (32768K), 5 survivors (5120K)
 Metaspace       used 21197K, committed 21504K, reserved 1114112K
  class space    used 2429K, committed 2560K, reserved 1048576K
}
Event: 5.174 GC heap after
{Heap after GC invocations=4 (full 0):
 garbage-first heap   total 129024K, used 20483K [0x0000000080000000, 0x0000000100000000)
  region size 1024K, 9 young (9216K), 9 survivors (9216K)
 Metaspace       used 21197K, committed 21504K, reserved 1114112K
  class space    used 2429K, committed 2560K, reserved 1048576K
}
Event: 8.136 GC heap before
{Heap before GC invocations=5 (full 0):
 garbage-first heap   total 71680K, used 70659K [0x0000000080000000, 0x0000000100000000)
  region size 1024K, 58 young (59392K), 9 survivors (9216K)
 Metaspace       used 29455K, committed 30016K, reserved 1114112K
  class space    used 3745K, committed 4032K, reserved 1048576K
}
Event: 8.151 GC heap after
{Heap after GC invocations=6 (full 0):
 garbage-first heap   total 83968K, used 23551K [0x0000000080000000, 0x0000000100000000)
  region size 1024K, 7 young (7168K), 7 survivors (7168K)
 Metaspace       used 29455K, committed 30016K, reserved 1114112K
  class space    used 3745K, committed 4032K, reserved 1048576K
}
Event: 12.988 GC heap before
{Heap before GC invocations=6 (full 0):
 garbage-first heap   total 83968K, used 79871K [0x0000000080000000, 0x0000000100000000)
  region size 1024K, 49 young (50176K), 7 survivors (7168K)
 Metaspace       used 35056K, committed 35904K, reserved 1114112K
  class space    used 4688K, committed 5120K, reserved 1048576K
}
Event: 12.994 GC heap after
{Heap after GC invocations=7 (full 0):
 garbage-first heap   total 92160K, used 40493K [0x0000000080000000, 0x0000000100000000)
  region size 1024K, 7 young (7168K), 7 survivors (7168K)
 Metaspace       used 35056K, committed 35904K, reserved 1114112K
  class space    used 4688K, committed 5120K, reserved 1048576K
}
Event: 13.155 GC heap before
{Heap before GC invocations=7 (full 0):
 garbage-first heap   total 92160K, used 41517K [0x0000000080000000, 0x0000000100000000)
  region size 1024K, 9 young (9216K), 7 survivors (7168K)
 Metaspace       used 35133K, committed 35968K, reserved 1114112K
  class space    used 4703K, committed 5120K, reserved 1048576K
}
Event: 13.159 GC heap after
{Heap after GC invocations=8 (full 0):
 garbage-first heap   total 92160K, used 41919K [0x0000000080000000, 0x0000000100000000)
  region size 1024K, 2 young (2048K), 2 survivors (2048K)
 Metaspace       used 35133K, committed 35968K, reserved 1114112K
  class space    used 4703K, committed 5120K, reserved 1048576K
}
Event: 16.385 GC heap before
{Heap before GC invocations=9 (full 0):
 garbage-first heap   total 92160K, used 87999K [0x0000000080000000, 0x0000000100000000)
  region size 1024K, 33 young (33792K), 2 survivors (2048K)
 Metaspace       used 38756K, committed 39744K, reserved 1114112K
  class space    used 5259K, committed 5760K, reserved 1048576K
}
Event: 16.388 GC heap after
{Heap after GC invocations=10 (full 0):
 garbage-first heap   total 95232K, used 60803K [0x0000000080000000, 0x0000000100000000)
  region size 1024K, 5 young (5120K), 5 survivors (5120K)
 Metaspace       used 38756K, committed 39744K, reserved 1114112K
  class space    used 5259K, committed 5760K, reserved 1048576K
}
Event: 17.481 GC heap before
{Heap before GC invocations=10 (full 0):
 garbage-first heap   total 95232K, used 82307K [0x0000000080000000, 0x0000000100000000)
  region size 1024K, 27 young (27648K), 5 survivors (5120K)
 Metaspace       used 41555K, committed 42816K, reserved 1114112K
  class space    used 5731K, committed 6336K, reserved 1048576K
}
Event: 17.486 GC heap after
{Heap after GC invocations=11 (full 0):
 garbage-first heap   total 95232K, used 62134K [0x0000000080000000, 0x0000000100000000)
  region size 1024K, 2 young (2048K), 2 survivors (2048K)
 Metaspace       used 41555K, committed 42816K, reserved 1114112K
  class space    used 5731K, committed 6336K, reserved 1048576K
}
Event: 20.545 GC heap before
{Heap before GC invocations=11 (full 0):
 garbage-first heap   total 95232K, used 83638K [0x0000000080000000, 0x0000000100000000)
  region size 1024K, 24 young (24576K), 2 survivors (2048K)
 Metaspace       used 45525K, committed 46848K, reserved 1114112K
  class space    used 6260K, committed 6912K, reserved 1048576K
}
Event: 20.550 GC heap after
{Heap after GC invocations=12 (full 0):
 garbage-first heap   total 95232K, used 64000K [0x0000000080000000, 0x0000000100000000)
  region size 1024K, 3 young (3072K), 3 survivors (3072K)
 Metaspace       used 45525K, committed 46848K, reserved 1114112K
  class space    used 6260K, committed 6912K, reserved 1048576K
}
Event: 21.694 GC heap before
{Heap before GC invocations=13 (full 0):
 garbage-first heap   total 107520K, used 84480K [0x0000000080000000, 0x0000000100000000)
  region size 1024K, 24 young (24576K), 3 survivors (3072K)
 Metaspace       used 49480K, committed 50816K, reserved 1114112K
  class space    used 6670K, committed 7360K, reserved 1048576K
}
Event: 21.698 GC heap after
{Heap after GC invocations=14 (full 0):
 garbage-first heap   total 107520K, used 67526K [0x0000000080000000, 0x0000000100000000)
  region size 1024K, 3 young (3072K), 3 survivors (3072K)
 Metaspace       used 49480K, committed 50816K, reserved 1114112K
  class space    used 6670K, committed 7360K, reserved 1048576K
}

