# JRE version: OpenJDK Runtime Environment (21.0.6) (build 21.0.6+-13391695-b895.109)
# Java VM: OpenJDK 64-Bit Server VM (21.0.6+-13391695-b895.109, mixed mode, tiered, compressed oops, compressed class ptrs, g1 gc, windows-amd64)
GC Precious Log:
 CardTable entry size: 512
 Card Set container configuration: InlinePtr #cards 5 size 8 Array Of Cards #cards 12 size 40 Howl #buckets 4 coarsen threshold 1843 Howl Bitmap #cards 512 size 80 coarsen threshold 460 Card regions per heap region 1 cards per card region 2048
 CPUs: 8 total, 8 available
 Memory: 7987M
 Large Page Support: Disabled
 NUMA Support: Disabled
 Compressed Oops: Enabled (32-bit)
 Heap Region Size: 1M
 Heap Min Capacity: 8M
 Heap Initial Capacity: 126M
 Heap Max Capacity: 2G
 Pre-touch: Disabled
 Parallel Workers: 8
 Concurrent Workers: 2
 Concurrent Refinement Workers: 8
 Periodic GC: Disabled
Heap:
 garbage-first heap   total 286720K, used 218539K [0x0000000080000000, 0x0000000100000000)
  region size 1024K, 40 young (40960K), 5 survivors (5120K)
 Metaspace       used 122754K, committed 125120K, reserved 1179648K
  class space    used 16406K, committed 17600K, reserved 1048576K
GC Heap History (20 events):
Event: 41.404 GC heap before
{Heap before GC invocations=30 (full 0):
 garbage-first heap   total 189440K, used 170215K [0x0000000080000000, 0x0000000100000000)
  region size 1024K, 53 young (54272K), 5 survivors (5120K)
 Metaspace       used 82181K, committed 84032K, reserved 1179648K
  class space    used 11497K, committed 12416K, reserved 1048576K
}
Event: 41.409 GC heap after
{Heap after GC invocations=31 (full 0):
 garbage-first heap   total 189440K, used 128736K [0x0000000080000000, 0x0000000100000000)
  region size 1024K, 7 young (7168K), 7 survivors (7168K)
 Metaspace       used 82181K, committed 84032K, reserved 1179648K
  class space    used 11497K, committed 12416K, reserved 1048576K
}
Event: 42.690 GC heap before
{Heap before GC invocations=31 (full 0):
 garbage-first heap   total 189440K, used 171744K [0x0000000080000000, 0x0000000100000000)
  region size 1024K, 49 young (50176K), 7 survivors (7168K)
 Metaspace       used 86752K, committed 88704K, reserved 1179648K
  class space    used 12079K, committed 13056K, reserved 1048576K
}
Event: 42.695 GC heap after
{Heap after GC invocations=32 (full 0):
 garbage-first heap   total 189440K, used 128525K [0x0000000080000000, 0x0000000100000000)
  region size 1024K, 2 young (2048K), 2 survivors (2048K)
 Metaspace       used 86752K, committed 88704K, reserved 1179648K
  class space    used 12079K, committed 13056K, reserved 1048576K
}
Event: 43.189 GC heap before
{Heap before GC invocations=32 (full 0):
 garbage-first heap   total 189440K, used 140813K [0x0000000080000000, 0x0000000100000000)
  region size 1024K, 15 young (15360K), 2 survivors (2048K)
 Metaspace       used 88679K, committed 90624K, reserved 1179648K
  class space    used 12321K, committed 13312K, reserved 1048576K
}
Event: 43.193 GC heap after
{Heap after GC invocations=33 (full 0):
 garbage-first heap   total 189440K, used 130313K [0x0000000080000000, 0x0000000100000000)
  region size 1024K, 4 young (4096K), 4 survivors (4096K)
 Metaspace       used 88679K, committed 90624K, reserved 1179648K
  class space    used 12321K, committed 13312K, reserved 1048576K
}
Event: 44.943 GC heap before
{Heap before GC invocations=34 (full 0):
 garbage-first heap   total 225280K, used 178441K [0x0000000080000000, 0x0000000100000000)
  region size 1024K, 46 young (47104K), 4 survivors (4096K)
 Metaspace       used 90963K, committed 93056K, reserved 1179648K
  class space    used 12634K, committed 13696K, reserved 1048576K
}
Event: 44.948 GC heap after
{Heap after GC invocations=35 (full 0):
 garbage-first heap   total 225280K, used 135257K [0x0000000080000000, 0x0000000100000000)
  region size 1024K, 6 young (6144K), 6 survivors (6144K)
 Metaspace       used 90963K, committed 93056K, reserved 1179648K
  class space    used 12634K, committed 13696K, reserved 1048576K
}
Event: 49.424 GC heap before
{Heap before GC invocations=35 (full 0):
 garbage-first heap   total 225280K, used 195673K [0x0000000080000000, 0x0000000100000000)
  region size 1024K, 65 young (66560K), 6 survivors (6144K)
 Metaspace       used 95858K, committed 97984K, reserved 1179648K
  class space    used 13265K, committed 14336K, reserved 1048576K
}
Event: 49.430 GC heap after
{Heap after GC invocations=36 (full 0):
 garbage-first heap   total 225280K, used 137248K [0x0000000080000000, 0x0000000100000000)
  region size 1024K, 8 young (8192K), 8 survivors (8192K)
 Metaspace       used 95858K, committed 97984K, reserved 1179648K
  class space    used 13265K, committed 14336K, reserved 1048576K
}
Event: 53.408 GC heap before
{Heap before GC invocations=36 (full 0):
 garbage-first heap   total 225280K, used 203808K [0x0000000080000000, 0x0000000100000000)
  region size 1024K, 73 young (74752K), 8 survivors (8192K)
 Metaspace       used 99479K, committed 101568K, reserved 1179648K
  class space    used 13786K, committed 14848K, reserved 1048576K
}
Event: 53.414 GC heap after
{Heap after GC invocations=37 (full 0):
 garbage-first heap   total 225280K, used 142568K [0x0000000080000000, 0x0000000100000000)
  region size 1024K, 9 young (9216K), 9 survivors (9216K)
 Metaspace       used 99479K, committed 101568K, reserved 1179648K
  class space    used 13786K, committed 14848K, reserved 1048576K
}
Event: 55.875 GC heap before
{Heap before GC invocations=38 (full 0):
 garbage-first heap   total 240640K, used 200936K [0x0000000080000000, 0x0000000100000000)
  region size 1024K, 66 young (67584K), 9 survivors (9216K)
 Metaspace       used 105763K, committed 107840K, reserved 1179648K
  class space    used 14544K, committed 15552K, reserved 1048576K
}
Event: 55.882 GC heap after
{Heap after GC invocations=39 (full 0):
 garbage-first heap   total 240640K, used 144423K [0x0000000080000000, 0x0000000100000000)
  region size 1024K, 5 young (5120K), 5 survivors (5120K)
 Metaspace       used 105763K, committed 107840K, reserved 1179648K
  class space    used 14544K, committed 15552K, reserved 1048576K
}
Event: 57.887 GC heap before
{Heap before GC invocations=39 (full 0):
 garbage-first heap   total 240640K, used 226343K [0x0000000080000000, 0x0000000100000000)
  region size 1024K, 77 young (78848K), 5 survivors (5120K)
 Metaspace       used 111540K, committed 113664K, reserved 1179648K
  class space    used 15226K, committed 16256K, reserved 1048576K
}
Event: 57.906 GC heap after
{Heap after GC invocations=40 (full 0):
 garbage-first heap   total 245760K, used 156352K [0x0000000080000000, 0x0000000100000000)
  region size 1024K, 10 young (10240K), 10 survivors (10240K)
 Metaspace       used 111540K, committed 113664K, reserved 1179648K
  class space    used 15226K, committed 16256K, reserved 1048576K
}
Event: 59.920 GC heap before
{Heap before GC invocations=40 (full 0):
 garbage-first heap   total 245760K, used 219840K [0x0000000080000000, 0x0000000100000000)
  region size 1024K, 72 young (73728K), 10 survivors (10240K)
 Metaspace       used 113169K, committed 115264K, reserved 1179648K
  class space    used 15429K, committed 16512K, reserved 1048576K
}
Event: 59.952 GC heap after
{Heap after GC invocations=41 (full 0):
 garbage-first heap   total 246784K, used 172362K [0x0000000080000000, 0x0000000100000000)
  region size 1024K, 9 young (9216K), 9 survivors (9216K)
 Metaspace       used 113169K, committed 115264K, reserved 1179648K
  class space    used 15429K, committed 16512K, reserved 1048576K
}
Event: 61.823 GC heap before
{Heap before GC invocations=42 (full 0):
 garbage-first heap   total 286720K, used 226634K [0x0000000080000000, 0x0000000100000000)
  region size 1024K, 56 young (57344K), 9 survivors (9216K)
 Metaspace       used 118326K, committed 120512K, reserved 1179648K
  class space    used 15988K, committed 17088K, reserved 1048576K
}
Event: 61.838 GC heap after
{Heap after GC invocations=43 (full 0):
 garbage-first heap   total 286720K, used 183723K [0x0000000080000000, 0x0000000100000000)
  region size 1024K, 5 young (5120K), 5 survivors (5120K)
 Metaspace       used 118326K, committed 120512K, reserved 1179648K
  class space    used 15988K, committed 17088K, reserved 1048576K
}

