# JRE version: OpenJDK Runtime Environment (21.0.6) (build 21.0.6+-13391695-b895.109)
# Java VM: OpenJDK 64-Bit Server VM (21.0.6+-13391695-b895.109, mixed mode, tiered, compressed oops, compressed class ptrs, g1 gc, windows-amd64)
GC Precious Log:
 CardTable entry size: 512
 Card Set container configuration: InlinePtr #cards 5 size 8 Array Of Cards #cards 12 size 40 Howl #buckets 4 coarsen threshold 1843 Howl Bitmap #cards 512 size 80 coarsen threshold 460 Card regions per heap region 1 cards per card region 2048
 CPUs: 8 total, 8 available
 Memory: 7987M
 Large Page Support: Disabled
 NUMA Support: Disabled
 Compressed Oops: Enabled (32-bit)
 Heap Region Size: 1M
 Heap Min Capacity: 8M
 Heap Initial Capacity: 126M
 Heap Max Capacity: 2G
 Pre-touch: Disabled
 Parallel Workers: 8
 Concurrent Workers: 2
 Concurrent Refinement Workers: 8
 Periodic GC: Disabled
Heap:
 garbage-first heap   total 381952K, used 228374K [0x0000000080000000, 0x0000000100000000)
  region size 1024K, 43 young (44032K), 8 survivors (8192K)
 Metaspace       used 139936K, committed 142272K, reserved 1179648K
  class space    used 18066K, committed 19264K, reserved 1048576K
GC Heap History (20 events):
Event: 100.476 GC heap before
{Heap before GC invocations=122 (full 0):
 garbage-first heap   total 347136K, used 108774K [0x0000000080000000, 0x0000000100000000)
  region size 1024K, 3 young (3072K), 2 survivors (2048K)
 Metaspace       used 86140K, committed 87936K, reserved 1179648K
  class space    used 11505K, committed 12416K, reserved 1048576K
}
Event: 100.479 GC heap after
{Heap after GC invocations=123 (full 0):
 garbage-first heap   total 347136K, used 108882K [0x0000000080000000, 0x0000000100000000)
  region size 1024K, 2 young (2048K), 2 survivors (2048K)
 Metaspace       used 86140K, committed 87936K, reserved 1179648K
  class space    used 11505K, committed 12416K, reserved 1048576K
}
Event: 104.037 GC heap before
{Heap before GC invocations=124 (full 0):
 garbage-first heap   total 347136K, used 331090K [0x0000000080000000, 0x0000000100000000)
  region size 1024K, 201 young (205824K), 2 survivors (2048K)
 Metaspace       used 102279K, committed 104192K, reserved 1179648K
  class space    used 13649K, committed 14592K, reserved 1048576K
}
Event: 104.048 GC heap after
{Heap after GC invocations=125 (full 0):
 garbage-first heap   total 352256K, used 138835K [0x0000000080000000, 0x0000000100000000)
  region size 1024K, 19 young (19456K), 19 survivors (19456K)
 Metaspace       used 102279K, committed 104192K, reserved 1179648K
  class space    used 13649K, committed 14592K, reserved 1048576K
}
Event: 105.218 GC heap before
{Heap before GC invocations=125 (full 0):
 garbage-first heap   total 352256K, used 321107K [0x0000000080000000, 0x0000000100000000)
  region size 1024K, 190 young (194560K), 19 survivors (19456K)
 Metaspace       used 107683K, committed 109568K, reserved 1179648K
  class space    used 14346K, committed 15296K, reserved 1048576K
}
Event: 105.227 GC heap after
{Heap after GC invocations=126 (full 0):
 garbage-first heap   total 352256K, used 151103K [0x0000000080000000, 0x0000000100000000)
  region size 1024K, 6 young (6144K), 6 survivors (6144K)
 Metaspace       used 107683K, committed 109568K, reserved 1179648K
  class space    used 14346K, committed 15296K, reserved 1048576K
}
Event: 105.726 GC heap before
{Heap before GC invocations=126 (full 0):
 garbage-first heap   total 352256K, used 324159K [0x0000000080000000, 0x0000000100000000)
  region size 1024K, 175 young (179200K), 6 survivors (6144K)
 Metaspace       used 107711K, committed 109632K, reserved 1179648K
  class space    used 14350K, committed 15296K, reserved 1048576K
}
Event: 105.732 GC heap after
{Heap after GC invocations=127 (full 0):
 garbage-first heap   total 352256K, used 153322K [0x0000000080000000, 0x0000000100000000)
  region size 1024K, 8 young (8192K), 8 survivors (8192K)
 Metaspace       used 107711K, committed 109632K, reserved 1179648K
  class space    used 14350K, committed 15296K, reserved 1048576K
}
Event: 106.304 GC heap before
{Heap before GC invocations=128 (full 0):
 garbage-first heap   total 352256K, used 325354K [0x0000000080000000, 0x0000000100000000)
  region size 1024K, 176 young (180224K), 8 survivors (8192K)
 Metaspace       used 107711K, committed 109632K, reserved 1179648K
  class space    used 14350K, committed 15296K, reserved 1048576K
}
Event: 106.311 GC heap after
{Heap after GC invocations=129 (full 0):
 garbage-first heap   total 352256K, used 156065K [0x0000000080000000, 0x0000000100000000)
  region size 1024K, 11 young (11264K), 11 survivors (11264K)
 Metaspace       used 107711K, committed 109632K, reserved 1179648K
  class space    used 14350K, committed 15296K, reserved 1048576K
}
Event: 107.929 GC heap before
{Heap before GC invocations=129 (full 0):
 garbage-first heap   total 352256K, used 321953K [0x0000000080000000, 0x0000000100000000)
  region size 1024K, 173 young (177152K), 11 survivors (11264K)
 Metaspace       used 107730K, committed 109632K, reserved 1179648K
  class space    used 14354K, committed 15296K, reserved 1048576K
}
Event: 107.937 GC heap after
{Heap after GC invocations=130 (full 0):
 garbage-first heap   total 352256K, used 141648K [0x0000000080000000, 0x0000000100000000)
  region size 1024K, 5 young (5120K), 5 survivors (5120K)
 Metaspace       used 107730K, committed 109632K, reserved 1179648K
  class space    used 14354K, committed 15296K, reserved 1048576K
}
Event: 108.310 GC heap before
{Heap before GC invocations=130 (full 0):
 garbage-first heap   total 352256K, used 177488K [0x0000000080000000, 0x0000000100000000)
  region size 1024K, 41 young (41984K), 5 survivors (5120K)
 Metaspace       used 107810K, committed 109760K, reserved 1179648K
  class space    used 14368K, committed 15360K, reserved 1048576K
}
Event: 108.313 GC heap after
{Heap after GC invocations=131 (full 0):
 garbage-first heap   total 352256K, used 141152K [0x0000000080000000, 0x0000000100000000)
  region size 1024K, 4 young (4096K), 4 survivors (4096K)
 Metaspace       used 107810K, committed 109760K, reserved 1179648K
  class space    used 14368K, committed 15360K, reserved 1048576K
}
Event: 110.731 GC heap before
{Heap before GC invocations=132 (full 0):
 garbage-first heap   total 352256K, used 336736K [0x0000000080000000, 0x0000000100000000)
  region size 1024K, 188 young (192512K), 4 survivors (4096K)
 Metaspace       used 117153K, committed 119104K, reserved 1179648K
  class space    used 15423K, committed 16384K, reserved 1048576K
}
Event: 110.737 GC heap after
{Heap after GC invocations=133 (full 0):
 garbage-first heap   total 352256K, used 143726K [0x0000000080000000, 0x0000000100000000)
  region size 1024K, 7 young (7168K), 7 survivors (7168K)
 Metaspace       used 117153K, committed 119104K, reserved 1179648K
  class space    used 15423K, committed 16384K, reserved 1048576K
}
Event: 112.380 GC heap before
{Heap before GC invocations=133 (full 0):
 garbage-first heap   total 352256K, used 340334K [0x0000000080000000, 0x0000000100000000)
  region size 1024K, 185 young (189440K), 7 survivors (7168K)
 Metaspace       used 127876K, committed 129920K, reserved 1179648K
  class space    used 16602K, committed 17664K, reserved 1048576K
}
Event: 112.411 GC heap after
{Heap after GC invocations=134 (full 0):
 garbage-first heap   total 381952K, used 183175K [0x0000000080000000, 0x0000000100000000)
  region size 1024K, 24 young (24576K), 24 survivors (24576K)
 Metaspace       used 127876K, committed 129920K, reserved 1179648K
  class space    used 16602K, committed 17664K, reserved 1048576K
}
Event: 113.604 GC heap before
{Heap before GC invocations=134 (full 0):
 garbage-first heap   total 381952K, used 269191K [0x0000000080000000, 0x0000000100000000)
  region size 1024K, 109 young (111616K), 24 survivors (24576K)
 Metaspace       used 139139K, committed 141504K, reserved 1179648K
  class space    used 17946K, committed 19136K, reserved 1048576K
}
Event: 113.622 GC heap after
{Heap after GC invocations=135 (full 0):
 garbage-first heap   total 381952K, used 192534K [0x0000000080000000, 0x0000000100000000)
  region size 1024K, 8 young (8192K), 8 survivors (8192K)
 Metaspace       used 139139K, committed 141504K, reserved 1179648K
  class space    used 17946K, committed 19136K, reserved 1048576K
}

