# JRE version: OpenJDK Runtime Environment (21.0.6) (build 21.0.6+-13391695-b895.109)
# Java VM: OpenJDK 64-Bit Server VM (21.0.6+-13391695-b895.109, mixed mode, tiered, compressed oops, compressed class ptrs, g1 gc, windows-amd64)
GC Precious Log:
 CardTable entry size: 512
 Card Set container configuration: InlinePtr #cards 5 size 8 Array Of Cards #cards 12 size 40 Howl #buckets 4 coarsen threshold 1843 Howl Bitmap #cards 512 size 80 coarsen threshold 460 Card regions per heap region 1 cards per card region 2048
 CPUs: 8 total, 8 available
 Memory: 7987M
 Large Page Support: Disabled
 NUMA Support: Disabled
 Compressed Oops: Enabled (32-bit)
 Heap Region Size: 1M
 Heap Min Capacity: 8M
 Heap Initial Capacity: 126M
 Heap Max Capacity: 2G
 Pre-touch: Disabled
 Parallel Workers: 8
 Concurrent Workers: 2
 Concurrent Refinement Workers: 8
 Periodic GC: Disabled
Heap:
 garbage-first heap   total 410624K, used 318593K [0x0000000080000000, 0x0000000100000000)
  region size 1024K, 181 young (185344K), 24 survivors (24576K)
 Metaspace       used 141709K, committed 143744K, reserved 1179648K
  class space    used 17803K, committed 18816K, reserved 1048576K
GC Heap History (20 events):
Event: 39.879 GC heap before
{Heap before GC invocations=110 (full 0):
 garbage-first heap   total 410624K, used 358975K [0x0000000080000000, 0x0000000100000000)
  region size 1024K, 240 young (245760K), 8 survivors (8192K)
 Metaspace       used 64888K, committed 66304K, reserved 1114112K
  class space    used 8520K, committed 9216K, reserved 1048576K
}
Event: 39.883 GC heap after
{Heap after GC invocations=111 (full 0):
 garbage-first heap   total 410624K, used 122083K [0x0000000080000000, 0x0000000100000000)
  region size 1024K, 9 young (9216K), 9 survivors (9216K)
 Metaspace       used 64888K, committed 66304K, reserved 1114112K
  class space    used 8520K, committed 9216K, reserved 1048576K
}
Event: 40.614 GC heap before
{Heap before GC invocations=111 (full 0):
 garbage-first heap   total 410624K, used 358627K [0x0000000080000000, 0x0000000100000000)
  region size 1024K, 240 young (245760K), 9 survivors (9216K)
 Metaspace       used 64916K, committed 66432K, reserved 1114112K
  class space    used 8524K, committed 9280K, reserved 1048576K
}
Event: 40.619 GC heap after
{Heap after GC invocations=112 (full 0):
 garbage-first heap   total 410624K, used 122732K [0x0000000080000000, 0x0000000100000000)
  region size 1024K, 8 young (8192K), 8 survivors (8192K)
 Metaspace       used 64916K, committed 66432K, reserved 1114112K
  class space    used 8524K, committed 9280K, reserved 1048576K
}
Event: 40.997 GC heap before
{Heap before GC invocations=112 (full 0):
 garbage-first heap   total 410624K, used 360300K [0x0000000080000000, 0x0000000100000000)
  region size 1024K, 240 young (245760K), 8 survivors (8192K)
 Metaspace       used 64916K, committed 66432K, reserved 1114112K
  class space    used 8524K, committed 9280K, reserved 1048576K
}
Event: 41.001 GC heap after
{Heap after GC invocations=113 (full 0):
 garbage-first heap   total 410624K, used 124094K [0x0000000080000000, 0x0000000100000000)
  region size 1024K, 9 young (9216K), 9 survivors (9216K)
 Metaspace       used 64916K, committed 66432K, reserved 1114112K
  class space    used 8524K, committed 9280K, reserved 1048576K
}
Event: 41.660 GC heap before
{Heap before GC invocations=113 (full 0):
 garbage-first heap   total 410624K, used 367806K [0x0000000080000000, 0x0000000100000000)
  region size 1024K, 240 young (245760K), 9 survivors (9216K)
 Metaspace       used 67456K, committed 68928K, reserved 1114112K
  class space    used 8777K, committed 9472K, reserved 1048576K
}
Event: 41.665 GC heap after
{Heap after GC invocations=114 (full 0):
 garbage-first heap   total 410624K, used 123379K [0x0000000080000000, 0x0000000100000000)
  region size 1024K, 8 young (8192K), 8 survivors (8192K)
 Metaspace       used 67456K, committed 68928K, reserved 1114112K
  class space    used 8777K, committed 9472K, reserved 1048576K
}
Event: 42.127 GC heap before
{Heap before GC invocations=114 (full 0):
 garbage-first heap   total 410624K, used 360947K [0x0000000080000000, 0x0000000100000000)
  region size 1024K, 240 young (245760K), 8 survivors (8192K)
 Metaspace       used 67456K, committed 68928K, reserved 1114112K
  class space    used 8777K, committed 9472K, reserved 1048576K
}
Event: 42.132 GC heap after
{Heap after GC invocations=115 (full 0):
 garbage-first heap   total 410624K, used 127033K [0x0000000080000000, 0x0000000100000000)
  region size 1024K, 11 young (11264K), 11 survivors (11264K)
 Metaspace       used 67456K, committed 68928K, reserved 1114112K
  class space    used 8777K, committed 9472K, reserved 1048576K
}
Event: 42.614 GC heap before
{Heap before GC invocations=115 (full 0):
 garbage-first heap   total 410624K, used 362553K [0x0000000080000000, 0x0000000100000000)
  region size 1024K, 240 young (245760K), 11 survivors (11264K)
 Metaspace       used 67465K, committed 68928K, reserved 1114112K
  class space    used 8778K, committed 9472K, reserved 1048576K
}
Event: 42.618 GC heap after
{Heap after GC invocations=116 (full 0):
 garbage-first heap   total 410624K, used 114340K [0x0000000080000000, 0x0000000100000000)
  region size 1024K, 5 young (5120K), 5 survivors (5120K)
 Metaspace       used 67465K, committed 68928K, reserved 1114112K
  class space    used 8778K, committed 9472K, reserved 1048576K
}
Event: 43.190 GC heap before
{Heap before GC invocations=116 (full 0):
 garbage-first heap   total 410624K, used 362148K [0x0000000080000000, 0x0000000100000000)
  region size 1024K, 240 young (245760K), 5 survivors (5120K)
 Metaspace       used 67486K, committed 68928K, reserved 1114112K
  class space    used 8778K, committed 9472K, reserved 1048576K
}
Event: 43.193 GC heap after
{Heap after GC invocations=117 (full 0):
 garbage-first heap   total 410624K, used 113789K [0x0000000080000000, 0x0000000100000000)
  region size 1024K, 4 young (4096K), 4 survivors (4096K)
 Metaspace       used 67486K, committed 68928K, reserved 1114112K
  class space    used 8778K, committed 9472K, reserved 1048576K
}
Event: 45.763 GC heap before
{Heap before GC invocations=117 (full 0):
 garbage-first heap   total 410624K, used 369789K [0x0000000080000000, 0x0000000100000000)
  region size 1024K, 240 young (245760K), 4 survivors (4096K)
 Metaspace       used 96848K, committed 98496K, reserved 1179648K
  class space    used 12648K, committed 13440K, reserved 1048576K
}
Event: 45.779 GC heap after
{Heap after GC invocations=118 (full 0):
 garbage-first heap   total 410624K, used 140053K [0x0000000080000000, 0x0000000100000000)
  region size 1024K, 22 young (22528K), 22 survivors (22528K)
 Metaspace       used 96848K, committed 98496K, reserved 1179648K
  class space    used 12648K, committed 13440K, reserved 1048576K
}
Event: 62.372 GC heap before
{Heap before GC invocations=118 (full 0):
 garbage-first heap   total 410624K, used 273173K [0x0000000080000000, 0x0000000100000000)
  region size 1024K, 152 young (155648K), 22 survivors (22528K)
 Metaspace       used 108233K, committed 110080K, reserved 1179648K
  class space    used 14015K, committed 14912K, reserved 1048576K
}
Event: 62.388 GC heap after
{Heap after GC invocations=119 (full 0):
 garbage-first heap   total 410624K, used 149528K [0x0000000080000000, 0x0000000100000000)
  region size 1024K, 10 young (10240K), 10 survivors (10240K)
 Metaspace       used 108233K, committed 110080K, reserved 1179648K
  class space    used 14015K, committed 14912K, reserved 1048576K
}
Event: 65.071 GC heap before
{Heap before GC invocations=120 (full 0):
 garbage-first heap   total 410624K, used 373784K [0x0000000080000000, 0x0000000100000000)
  region size 1024K, 233 young (238592K), 10 survivors (10240K)
 Metaspace       used 129899K, committed 131776K, reserved 1179648K
  class space    used 16247K, committed 17152K, reserved 1048576K
}
Event: 65.085 GC heap after
{Heap after GC invocations=121 (full 0):
 garbage-first heap   total 410624K, used 158849K [0x0000000080000000, 0x0000000100000000)
  region size 1024K, 24 young (24576K), 24 survivors (24576K)
 Metaspace       used 129899K, committed 131776K, reserved 1179648K
  class space    used 16247K, committed 17152K, reserved 1048576K
}

