# JRE version: OpenJDK Runtime Environment (21.0.6) (build 21.0.6+-13391695-b895.109)
# Java VM: OpenJDK 64-Bit Server VM (21.0.6+-13391695-b895.109, mixed mode, tiered, compressed oops, compressed class ptrs, g1 gc, windows-amd64)
GC Precious Log:
 CardTable entry size: 512
 Card Set container configuration: InlinePtr #cards 5 size 8 Array Of Cards #cards 12 size 40 Howl #buckets 4 coarsen threshold 1843 Howl Bitmap #cards 512 size 80 coarsen threshold 460 Card regions per heap region 1 cards per card region 2048
 CPUs: 8 total, 8 available
 Memory: 7987M
 Large Page Support: Disabled
 NUMA Support: Disabled
 Compressed Oops: Enabled (32-bit)
 Heap Region Size: 1M
 Heap Min Capacity: 8M
 Heap Initial Capacity: 126M
 Heap Max Capacity: 2G
 Pre-touch: Disabled
 Parallel Workers: 8
 Concurrent Workers: 2
 Concurrent Refinement Workers: 8
 Periodic GC: Disabled
Heap:
 garbage-first heap   total 543744K, used 188203K [0x0000000080000000, 0x0000000100000000)
  region size 1024K, 6 young (6144K), 6 survivors (6144K)
 Metaspace       used 161056K, committed 163584K, reserved 1245184K
  class space    used 21294K, committed 22592K, reserved 1048576K
GC Heap History (20 events):
Event: 415.777 GC heap after
{Heap after GC invocations=87 (full 0):
 garbage-first heap   total 329728K, used 194292K [0x0000000080000000, 0x0000000100000000)
  region size 1024K, 8 young (8192K), 8 survivors (8192K)
 Metaspace       used 161034K, committed 163520K, reserved 1245184K
  class space    used 21294K, committed 22592K, reserved 1048576K
}
Event: 416.165 GC heap before
{Heap before GC invocations=87 (full 0):
 garbage-first heap   total 329728K, used 305908K [0x0000000080000000, 0x0000000100000000)
  region size 1024K, 115 young (117760K), 8 survivors (8192K)
 Metaspace       used 161034K, committed 163520K, reserved 1245184K
  class space    used 21294K, committed 22592K, reserved 1048576K
}
Event: 416.176 GC heap after
{Heap after GC invocations=88 (full 0):
 garbage-first heap   total 329728K, used 193869K [0x0000000080000000, 0x0000000100000000)
  region size 1024K, 10 young (10240K), 10 survivors (10240K)
 Metaspace       used 161034K, committed 163520K, reserved 1245184K
  class space    used 21294K, committed 22592K, reserved 1048576K
}
Event: 416.253 GC heap before
{Heap before GC invocations=88 (full 0):
 garbage-first heap   total 329728K, used 225613K [0x0000000080000000, 0x0000000100000000)
  region size 1024K, 43 young (44032K), 10 survivors (10240K)
 Metaspace       used 161038K, committed 163520K, reserved 1245184K
  class space    used 21294K, committed 22592K, reserved 1048576K
}
Event: 416.271 GC heap after
{Heap after GC invocations=89 (full 0):
 garbage-first heap   total 543744K, used 194055K [0x0000000080000000, 0x0000000100000000)
  region size 1024K, 9 young (9216K), 9 survivors (9216K)
 Metaspace       used 161038K, committed 163520K, reserved 1245184K
  class space    used 21294K, committed 22592K, reserved 1048576K
}
Event: 417.407 GC heap before
{Heap before GC invocations=89 (full 0):
 garbage-first heap   total 543744K, used 504327K [0x0000000080000000, 0x0000000100000000)
  region size 1024K, 312 young (319488K), 9 survivors (9216K)
 Metaspace       used 161039K, committed 163520K, reserved 1245184K
  class space    used 21294K, committed 22592K, reserved 1048576K
}
Event: 417.435 GC heap after
{Heap after GC invocations=90 (full 0):
 garbage-first heap   total 543744K, used 193684K [0x0000000080000000, 0x0000000100000000)
  region size 1024K, 8 young (8192K), 8 survivors (8192K)
 Metaspace       used 161039K, committed 163520K, reserved 1245184K
  class space    used 21294K, committed 22592K, reserved 1048576K
}
Event: 418.178 GC heap before
{Heap before GC invocations=90 (full 0):
 garbage-first heap   total 543744K, used 506004K [0x0000000080000000, 0x0000000100000000)
  region size 1024K, 313 young (320512K), 8 survivors (8192K)
 Metaspace       used 161046K, committed 163520K, reserved 1245184K
  class space    used 21294K, committed 22592K, reserved 1048576K
}
Event: 418.189 GC heap after
{Heap after GC invocations=91 (full 0):
 garbage-first heap   total 543744K, used 196587K [0x0000000080000000, 0x0000000100000000)
  region size 1024K, 11 young (11264K), 11 survivors (11264K)
 Metaspace       used 161046K, committed 163520K, reserved 1245184K
  class space    used 21294K, committed 22592K, reserved 1048576K
}
Event: 418.959 GC heap before
{Heap before GC invocations=91 (full 0):
 garbage-first heap   total 543744K, used 501591K [0x0000000080000000, 0x0000000100000000)
  region size 1024K, 311 young (318464K), 11 survivors (11264K)
 Metaspace       used 161046K, committed 163520K, reserved 1245184K
  class space    used 21294K, committed 22592K, reserved 1048576K
}
Event: 418.968 GC heap after
{Heap after GC invocations=92 (full 0):
 garbage-first heap   total 543744K, used 198281K [0x0000000080000000, 0x0000000100000000)
  region size 1024K, 13 young (13312K), 13 survivors (13312K)
 Metaspace       used 161046K, committed 163520K, reserved 1245184K
  class space    used 21294K, committed 22592K, reserved 1048576K
}
Event: 419.567 GC heap before
{Heap before GC invocations=93 (full 0):
 garbage-first heap   total 543744K, used 501385K [0x0000000080000000, 0x0000000100000000)
  region size 1024K, 309 young (316416K), 13 survivors (13312K)
 Metaspace       used 161046K, committed 163520K, reserved 1245184K
  class space    used 21294K, committed 22592K, reserved 1048576K
}
Event: 419.575 GC heap after
{Heap after GC invocations=94 (full 0):
 garbage-first heap   total 543744K, used 200192K [0x0000000080000000, 0x0000000100000000)
  region size 1024K, 15 young (15360K), 15 survivors (15360K)
 Metaspace       used 161046K, committed 163520K, reserved 1245184K
  class space    used 21294K, committed 22592K, reserved 1048576K
}
Event: 420.647 GC heap before
{Heap before GC invocations=94 (full 0):
 garbage-first heap   total 543744K, used 498176K [0x0000000080000000, 0x0000000100000000)
  region size 1024K, 307 young (314368K), 15 survivors (15360K)
 Metaspace       used 161049K, committed 163520K, reserved 1245184K
  class space    used 21294K, committed 22592K, reserved 1048576K
}
Event: 420.659 GC heap after
{Heap after GC invocations=95 (full 0):
 garbage-first heap   total 543744K, used 187537K [0x0000000080000000, 0x0000000100000000)
  region size 1024K, 7 young (7168K), 7 survivors (7168K)
 Metaspace       used 161049K, committed 163520K, reserved 1245184K
  class space    used 21294K, committed 22592K, reserved 1048576K
}
Event: 420.926 GC heap before
{Heap before GC invocations=95 (full 0):
 garbage-first heap   total 543744K, used 237713K [0x0000000080000000, 0x0000000100000000)
  region size 1024K, 57 young (58368K), 7 survivors (7168K)
 Metaspace       used 161050K, committed 163520K, reserved 1245184K
  class space    used 21294K, committed 22592K, reserved 1048576K
}
Event: 420.931 GC heap after
{Heap after GC invocations=96 (full 0):
 garbage-first heap   total 543744K, used 187379K [0x0000000080000000, 0x0000000100000000)
  region size 1024K, 6 young (6144K), 6 survivors (6144K)
 Metaspace       used 161050K, committed 163520K, reserved 1245184K
  class space    used 21294K, committed 22592K, reserved 1048576K
}
Event: 421.580 GC heap before
{Heap before GC invocations=97 (full 0):
 garbage-first heap   total 543744K, used 511987K [0x0000000080000000, 0x0000000100000000)
  region size 1024K, 318 young (325632K), 6 survivors (6144K)
 Metaspace       used 161054K, committed 163584K, reserved 1245184K
  class space    used 21294K, committed 22592K, reserved 1048576K
}
Event: 421.617 GC heap after
{Heap after GC invocations=98 (full 0):
 garbage-first heap   total 543744K, used 193817K [0x0000000080000000, 0x0000000100000000)
  region size 1024K, 8 young (8192K), 8 survivors (8192K)
 Metaspace       used 161054K, committed 163584K, reserved 1245184K
  class space    used 21294K, committed 22592K, reserved 1048576K
}
Event: 422.591 GC heap before
{Heap before GC invocations=98 (full 0):
 garbage-first heap   total 543744K, used 506137K [0x0000000080000000, 0x0000000100000000)
  region size 1024K, 313 young (320512K), 8 survivors (8192K)
 Metaspace       used 161056K, committed 163584K, reserved 1245184K
  class space    used 21294K, committed 22592K, reserved 1048576K
}

