# JRE version: OpenJDK Runtime Environment (21.0.6) (build 21.0.6+-13391695-b895.109)
# Java VM: OpenJDK 64-Bit Server VM (21.0.6+-13391695-b895.109, mixed mode, tiered, compressed oops, compressed class ptrs, g1 gc, windows-amd64)
GC Precious Log:
 CardTable entry size: 512
 Card Set container configuration: InlinePtr #cards 5 size 8 Array Of Cards #cards 12 size 40 Howl #buckets 4 coarsen threshold 1843 Howl Bitmap #cards 512 size 80 coarsen threshold 460 Card regions per heap region 1 cards per card region 2048
 CPUs: 8 total, 8 available
 Memory: 7987M
 Large Page Support: Disabled
 NUMA Support: Disabled
 Compressed Oops: Enabled (32-bit)
 Heap Region Size: 1M
 Heap Min Capacity: 8M
 Heap Initial Capacity: 126M
 Heap Max Capacity: 2G
 Pre-touch: Disabled
 Parallel Workers: 8
 Concurrent Workers: 2
 Concurrent Refinement Workers: 8
 Periodic GC: Disabled
Heap:
 garbage-first heap   total 345088K, used 282624K [0x0000000080000000, 0x0000000100000000)
  region size 1024K, 82 young (83968K), 10 survivors (10240K)
 Metaspace       used 170578K, committed 172992K, reserved 1245184K
  class space    used 21978K, committed 23168K, reserved 1048576K
GC Heap History (20 events):
Event: 17.963 GC heap before
{Heap before GC invocations=34 (full 0):
 garbage-first heap   total 232448K, used 213080K [0x0000000080000000, 0x0000000100000000)
  region size 1024K, 71 young (72704K), 6 survivors (6144K)
 Metaspace       used 103140K, committed 105152K, reserved 1179648K
  class space    used 14103K, committed 15104K, reserved 1048576K
}
Event: 17.981 GC heap after
{Heap after GC invocations=35 (full 0):
 garbage-first heap   total 240640K, used 158688K [0x0000000080000000, 0x0000000100000000)
  region size 1024K, 9 young (9216K), 9 survivors (9216K)
 Metaspace       used 103140K, committed 105152K, reserved 1179648K
  class space    used 14103K, committed 15104K, reserved 1048576K
}
Event: 18.644 GC heap before
{Heap before GC invocations=35 (full 0):
 garbage-first heap   total 240640K, used 215008K [0x0000000080000000, 0x0000000100000000)
  region size 1024K, 64 young (65536K), 9 survivors (9216K)
 Metaspace       used 107437K, committed 109504K, reserved 1179648K
  class space    used 14584K, committed 15616K, reserved 1048576K
}
Event: 18.658 GC heap after
{Heap after GC invocations=36 (full 0):
 garbage-first heap   total 240640K, used 168568K [0x0000000080000000, 0x0000000100000000)
  region size 1024K, 8 young (8192K), 8 survivors (8192K)
 Metaspace       used 107437K, committed 109504K, reserved 1179648K
  class space    used 14584K, committed 15616K, reserved 1048576K
}
Event: 19.474 GC heap before
{Heap before GC invocations=37 (full 0):
 garbage-first heap   total 293888K, used 223864K [0x0000000080000000, 0x0000000100000000)
  region size 1024K, 55 young (56320K), 8 survivors (8192K)
 Metaspace       used 111591K, committed 113600K, reserved 1179648K
  class space    used 14990K, committed 16000K, reserved 1048576K
}
Event: 19.481 GC heap after
{Heap after GC invocations=38 (full 0):
 garbage-first heap   total 293888K, used 182324K [0x0000000080000000, 0x0000000100000000)
  region size 1024K, 6 young (6144K), 6 survivors (6144K)
 Metaspace       used 111591K, committed 113600K, reserved 1179648K
  class space    used 14990K, committed 16000K, reserved 1048576K
}
Event: 20.394 GC heap before
{Heap before GC invocations=38 (full 0):
 garbage-first heap   total 293888K, used 255028K [0x0000000080000000, 0x0000000100000000)
  region size 1024K, 77 young (78848K), 6 survivors (6144K)
 Metaspace       used 120541K, committed 122880K, reserved 1179648K
  class space    used 16045K, committed 17216K, reserved 1048576K
}
Event: 20.401 GC heap after
{Heap after GC invocations=39 (full 0):
 garbage-first heap   total 293888K, used 186106K [0x0000000080000000, 0x0000000100000000)
  region size 1024K, 10 young (10240K), 10 survivors (10240K)
 Metaspace       used 120541K, committed 122880K, reserved 1179648K
  class space    used 16045K, committed 17216K, reserved 1048576K
}
Event: 21.666 GC heap before
{Heap before GC invocations=39 (full 0):
 garbage-first heap   total 293888K, used 267002K [0x0000000080000000, 0x0000000100000000)
  region size 1024K, 88 young (90112K), 10 survivors (10240K)
 Metaspace       used 125658K, committed 128064K, reserved 1179648K
  class space    used 16633K, committed 17856K, reserved 1048576K
}
Event: 21.674 GC heap after
{Heap after GC invocations=40 (full 0):
 garbage-first heap   total 293888K, used 192309K [0x0000000080000000, 0x0000000100000000)
  region size 1024K, 11 young (11264K), 11 survivors (11264K)
 Metaspace       used 125658K, committed 128064K, reserved 1179648K
  class space    used 16633K, committed 17856K, reserved 1048576K
}
Event: 22.973 GC heap before
{Heap before GC invocations=40 (full 0):
 garbage-first heap   total 293888K, used 266037K [0x0000000080000000, 0x0000000100000000)
  region size 1024K, 83 young (84992K), 11 survivors (11264K)
 Metaspace       used 129702K, committed 132096K, reserved 1179648K
  class space    used 17012K, committed 18176K, reserved 1048576K
}
Event: 22.983 GC heap after
{Heap after GC invocations=41 (full 0):
 garbage-first heap   total 293888K, used 198567K [0x0000000080000000, 0x0000000100000000)
  region size 1024K, 11 young (11264K), 11 survivors (11264K)
 Metaspace       used 129702K, committed 132096K, reserved 1179648K
  class space    used 17012K, committed 18176K, reserved 1048576K
}
Event: 24.277 GC heap before
{Heap before GC invocations=42 (full 0):
 garbage-first heap   total 331776K, used 264103K [0x0000000080000000, 0x0000000100000000)
  region size 1024K, 76 young (77824K), 11 survivors (11264K)
 Metaspace       used 137949K, committed 140352K, reserved 1179648K
  class space    used 17914K, committed 19136K, reserved 1048576K
}
Event: 24.292 GC heap after
{Heap after GC invocations=43 (full 0):
 garbage-first heap   total 331776K, used 203653K [0x0000000080000000, 0x0000000100000000)
  region size 1024K, 5 young (5120K), 5 survivors (5120K)
 Metaspace       used 137949K, committed 140352K, reserved 1179648K
  class space    used 17914K, committed 19136K, reserved 1048576K
}
Event: 26.438 GC heap before
{Heap before GC invocations=43 (full 0):
 garbage-first heap   total 331776K, used 305029K [0x0000000080000000, 0x0000000100000000)
  region size 1024K, 104 young (106496K), 5 survivors (5120K)
 Metaspace       used 151905K, committed 154304K, reserved 1245184K
  class space    used 19268K, committed 20480K, reserved 1048576K
}
Event: 26.443 GC heap after
{Heap after GC invocations=44 (full 0):
 garbage-first heap   total 331776K, used 204735K [0x0000000080000000, 0x0000000100000000)
  region size 1024K, 6 young (6144K), 6 survivors (6144K)
 Metaspace       used 151905K, committed 154304K, reserved 1245184K
  class space    used 19268K, committed 20480K, reserved 1048576K
}
Event: 26.552 GC heap before
{Heap before GC invocations=44 (full 0):
 garbage-first heap   total 331776K, used 211903K [0x0000000080000000, 0x0000000100000000)
  region size 1024K, 14 young (14336K), 6 survivors (6144K)
 Metaspace       used 152434K, committed 154816K, reserved 1245184K
  class space    used 19343K, committed 20544K, reserved 1048576K
}
Event: 26.556 GC heap after
{Heap after GC invocations=45 (full 0):
 garbage-first heap   total 331776K, used 205477K [0x0000000080000000, 0x0000000100000000)
  region size 1024K, 7 young (7168K), 7 survivors (7168K)
 Metaspace       used 152434K, committed 154816K, reserved 1245184K
  class space    used 19343K, committed 20544K, reserved 1048576K
}
Event: 28.138 GC heap before
{Heap before GC invocations=46 (full 0):
 garbage-first heap   total 345088K, used 306853K [0x0000000080000000, 0x0000000100000000)
  region size 1024K, 105 young (107520K), 7 survivors (7168K)
 Metaspace       used 159317K, committed 161728K, reserved 1245184K
  class space    used 20499K, committed 21696K, reserved 1048576K
}
Event: 28.145 GC heap after
{Heap after GC invocations=47 (full 0):
 garbage-first heap   total 345088K, used 208896K [0x0000000080000000, 0x0000000100000000)
  region size 1024K, 10 young (10240K), 10 survivors (10240K)
 Metaspace       used 159317K, committed 161728K, reserved 1245184K
  class space    used 20499K, committed 21696K, reserved 1048576K
}

